<?xml version="1.0" encoding="UTF-8"?>
<!-- Generated by org.testng.reporters.JUnitReportReporter -->
<testsuite skipped="0" hostname="Nishant-PC" name="crossBrowser.CrossBroserTesting" tests="2" failures="0" timestamp="04 Dec 2018 12:43:23 GMT" time="79.279" errors="0">
  <testcase name="crossTesting" time="27.030" classname="crossBrowser.CrossBroserTesting"/>
  <testcase name="crossTesting" time="52.249" classname="crossBrowser.CrossBroserTesting"/>
</testsuite> <!-- crossBrowser.CrossBroserTesting -->
